<?xml version="1.0" encoding="UTF-8"?>
<!-- Generated by org.testng.reporters.JUnitXMLReporter -->
<testsuite hostname="Ahmed-Ali" ignored="0" name="Default test" tests="3" failures="0" timestamp="2022-12-05T22:15:09 CST" time="33.245" errors="0">
  <testcase name="userIsAbleToAddCategory" time="0.681" classname="test.UserIsAbleToAddACategoryTest"/>
  <testcase name="userShouldNotAbleToAddDublicateCategory" time="0.817" classname="test.UserIsAbleToAddACategoryTest"/>
  <testcase name="validateIfAllMonthsArePresent" time="0.397" classname="test.UserIsAbleToAddACategoryTest"/>
</testsuite> <!-- Default test -->
