<?xml version="1.0" encoding="UTF-8"?>
<testng-results skipped="0" failed="0" ignored="0" total="3" passed="3">
  <reporter-output>
  </reporter-output>
  <suite name="Default suite" duration-ms="33245" started-at="2022-12-05T22:14:36 CST" finished-at="2022-12-05T22:15:09 CST">
    <groups>
    </groups>
    <test name="Default test" duration-ms="33245" started-at="2022-12-05T22:14:36 CST" finished-at="2022-12-05T22:15:09 CST">
      <class name="test.UserIsAbleToAddACategoryTest">
        <test-method status="PASS" signature="launchBrowser()[pri:0, instance:test.UserIsAbleToAddACategoryTest@61f8bee4]" name="launchBrowser" is-config="true" duration-ms="2885" started-at="2022-12-05T22:14:36 CST" finished-at="2022-12-05T22:14:39 CST">
          <reporter-output>
          </reporter-output>
        </test-method> <!-- launchBrowser -->
        <test-method status="PASS" signature="userIsAbleToAddCategory()[pri:1, instance:test.UserIsAbleToAddACategoryTest@61f8bee4]" name="userIsAbleToAddCategory" duration-ms="681" started-at="2022-12-05T22:14:39 CST" finished-at="2022-12-05T22:14:40 CST">
          <reporter-output>
          </reporter-output>
        </test-method> <!-- userIsAbleToAddCategory -->
        <test-method status="PASS" signature="tearDown()[pri:0, instance:test.UserIsAbleToAddACategoryTest@61f8bee4]" name="tearDown" is-config="true" duration-ms="2838" started-at="2022-12-05T22:14:40 CST" finished-at="2022-12-05T22:14:42 CST">
          <reporter-output>
          </reporter-output>
        </test-method> <!-- tearDown -->
        <test-method status="PASS" signature="launchBrowser()[pri:0, instance:test.UserIsAbleToAddACategoryTest@61f8bee4]" name="launchBrowser" is-config="true" duration-ms="1979" started-at="2022-12-05T22:14:42 CST" finished-at="2022-12-05T22:14:44 CST">
          <reporter-output>
          </reporter-output>
        </test-method> <!-- launchBrowser -->
        <test-method status="PASS" signature="userShouldNotAbleToAddDublicateCategory()[pri:2, instance:test.UserIsAbleToAddACategoryTest@61f8bee4]" name="userShouldNotAbleToAddDublicateCategory" duration-ms="817" started-at="2022-12-05T22:14:44 CST" finished-at="2022-12-05T22:14:45 CST">
          <reporter-output>
          </reporter-output>
        </test-method> <!-- userShouldNotAbleToAddDublicateCategory -->
        <test-method status="PASS" signature="tearDown()[pri:0, instance:test.UserIsAbleToAddACategoryTest@61f8bee4]" name="tearDown" is-config="true" duration-ms="18871" started-at="2022-12-05T22:14:45 CST" finished-at="2022-12-05T22:15:04 CST">
          <reporter-output>
          </reporter-output>
        </test-method> <!-- tearDown -->
        <test-method status="PASS" signature="launchBrowser()[pri:0, instance:test.UserIsAbleToAddACategoryTest@61f8bee4]" name="launchBrowser" is-config="true" duration-ms="1934" started-at="2022-12-05T22:15:04 CST" finished-at="2022-12-05T22:15:06 CST">
          <reporter-output>
          </reporter-output>
        </test-method> <!-- launchBrowser -->
        <test-method status="PASS" signature="validateIfAllMonthsArePresent()[pri:3, instance:test.UserIsAbleToAddACategoryTest@61f8bee4]" name="validateIfAllMonthsArePresent" duration-ms="397" started-at="2022-12-05T22:15:06 CST" finished-at="2022-12-05T22:15:06 CST">
          <reporter-output>
          </reporter-output>
        </test-method> <!-- validateIfAllMonthsArePresent -->
        <test-method status="PASS" signature="tearDown()[pri:0, instance:test.UserIsAbleToAddACategoryTest@61f8bee4]" name="tearDown" is-config="true" duration-ms="2783" started-at="2022-12-05T22:15:06 CST" finished-at="2022-12-05T22:15:09 CST">
          <reporter-output>
          </reporter-output>
        </test-method> <!-- tearDown -->
      </class> <!-- test.UserIsAbleToAddACategoryTest -->
    </test> <!-- Default test -->
  </suite> <!-- Default suite -->
</testng-results>
